<?xml version="1.0" encoding="UTF-8"?>
<TestRun id="2a6ca2ec-2683-4ebc-9c7b-97c10878eb63" name="Wesley@WESLEY-PC 2012-02-03 12:05:29" runUser="Wesley-PC\Wesley" xmlns="http://microsoft.com/schemas/VisualStudio/TeamTest/2010">
  <TestSettings name="Local" id="1c7457da-c364-4c0b-a173-21f3fede2f04">
    <Description>These are default test settings for a local test run.</Description>
    <Deployment enabled="false" runDeploymentRoot="Wesley_WESLEY-PC 2012-02-03 12_05_29">
      <DeploymentItem filename="C:\Users\Wesley\Documents\classes\cs480\Compiler\bin\Debug\Compiler.exe" />
    </Deployment>
    <Execution>
      <TestTypeSpecific />
      <AgentRule name="Execution Agents">
      </AgentRule>
    </Execution>
  </TestSettings>
  <Times creation="2012-02-03T12:05:29.4115569-08:00" queuing="2012-02-03T12:05:29.4225575-08:00" start="2012-02-03T12:05:29.4295579-08:00" finish="2012-02-03T12:05:29.7645771-08:00" />
  <ResultSummary outcome="Completed">
    <Counters total="4" executed="4" passed="4" error="0" failed="0" timeout="0" aborted="0" inconclusive="0" passedButRunAborted="0" notRunnable="0" notExecuted="0" disconnected="0" warning="0" completed="0" inProgress="0" pending="0" />
  </ResultSummary>
  <TestDefinitions>
    <UnitTest name="ParseValid_IdentifierToken" storage="c:\users\wesley\documents\classes\cs480\compilertester\bin\debug\compilertester.dll" id="a0536bad-ff14-1000-c4b5-c3d69830cdf2">
      <Execution id="98d41e5d-b1fd-454f-909a-617a4f693018" />
      <TestMethod codeBase="C:/Users/Wesley/Documents/classes/cs480/CompilerTester/bin/Debug/CompilerTester.DLL" adapterTypeName="Microsoft.VisualStudio.TestTools.TestTypes.Unit.UnitTestAdapter, Microsoft.VisualStudio.QualityTools.Tips.UnitTest.Adapter, Version=10.0.0.0, Culture=neutral, PublicKeyToken=b03f5f7f11d50a3a" className="CompilerTester.AutomatonTests.AutomatonTester, CompilerTester, Version=1.0.0.0, Culture=neutral, PublicKeyToken=null" name="ParseValid_IdentifierToken" />
    </UnitTest>
    <UnitTest name="ParseInvalid_IdentifierToken" storage="c:\users\wesley\documents\classes\cs480\compilertester\bin\debug\compilertester.dll" id="505ef0d5-4a90-262f-583a-2231ebffde1a">
      <Execution id="68aaec39-8a7d-4c26-a683-c16f83675a69" />
      <TestMethod codeBase="C:/Users/Wesley/Documents/classes/cs480/CompilerTester/bin/Debug/CompilerTester.DLL" adapterTypeName="Microsoft.VisualStudio.TestTools.TestTypes.Unit.UnitTestAdapter, Microsoft.VisualStudio.QualityTools.Tips.UnitTest.Adapter, Version=10.0.0.0, Culture=neutral, PublicKeyToken=b03f5f7f11d50a3a" className="CompilerTester.AutomatonTests.AutomatonTester, CompilerTester, Version=1.0.0.0, Culture=neutral, PublicKeyToken=null" name="ParseInvalid_IdentifierToken" />
    </UnitTest>
    <UnitTest name="ParseInvalid_BooleanToken" storage="c:\users\wesley\documents\classes\cs480\compilertester\bin\debug\compilertester.dll" id="1a851e37-6f85-b74a-060a-dc83a0845108">
      <Execution id="bb0aff07-74a5-460e-9647-2f94785f3ee4" />
      <TestMethod codeBase="C:/Users/Wesley/Documents/classes/cs480/CompilerTester/bin/Debug/CompilerTester.DLL" adapterTypeName="Microsoft.VisualStudio.TestTools.TestTypes.Unit.UnitTestAdapter, Microsoft.VisualStudio.QualityTools.Tips.UnitTest.Adapter, Version=10.0.0.0, Culture=neutral, PublicKeyToken=b03f5f7f11d50a3a" className="CompilerTester.AutomatonTests.AutomatonTester, CompilerTester, Version=1.0.0.0, Culture=neutral, PublicKeyToken=null" name="ParseInvalid_BooleanToken" />
    </UnitTest>
    <UnitTest name="ParseValid_BooleanToken" storage="c:\users\wesley\documents\classes\cs480\compilertester\bin\debug\compilertester.dll" id="6c7091ba-5f65-8241-42f6-b5633d2a7bce">
      <Execution id="944d6dfa-800a-43f2-98b4-8653d4a54b9c" />
      <TestMethod codeBase="C:/Users/Wesley/Documents/classes/cs480/CompilerTester/bin/Debug/CompilerTester.DLL" adapterTypeName="Microsoft.VisualStudio.TestTools.TestTypes.Unit.UnitTestAdapter, Microsoft.VisualStudio.QualityTools.Tips.UnitTest.Adapter, Version=10.0.0.0, Culture=neutral, PublicKeyToken=b03f5f7f11d50a3a" className="CompilerTester.AutomatonTests.AutomatonTester, CompilerTester, Version=1.0.0.0, Culture=neutral, PublicKeyToken=null" name="ParseValid_BooleanToken" />
    </UnitTest>
  </TestDefinitions>
  <TestLists>
    <TestList name="Results Not in a List" id="8c84fa94-04c1-424b-9868-57a2d4851a1d" />
    <TestList name="All Loaded Results" id="19431567-8539-422a-85d7-44ee4e166bda" />
  </TestLists>
  <TestEntries>
    <TestEntry testId="1a851e37-6f85-b74a-060a-dc83a0845108" executionId="bb0aff07-74a5-460e-9647-2f94785f3ee4" testListId="8c84fa94-04c1-424b-9868-57a2d4851a1d" />
    <TestEntry testId="505ef0d5-4a90-262f-583a-2231ebffde1a" executionId="68aaec39-8a7d-4c26-a683-c16f83675a69" testListId="8c84fa94-04c1-424b-9868-57a2d4851a1d" />
    <TestEntry testId="6c7091ba-5f65-8241-42f6-b5633d2a7bce" executionId="944d6dfa-800a-43f2-98b4-8653d4a54b9c" testListId="8c84fa94-04c1-424b-9868-57a2d4851a1d" />
    <TestEntry testId="a0536bad-ff14-1000-c4b5-c3d69830cdf2" executionId="98d41e5d-b1fd-454f-909a-617a4f693018" testListId="8c84fa94-04c1-424b-9868-57a2d4851a1d" />
  </TestEntries>
  <Results>
    <UnitTestResult executionId="bb0aff07-74a5-460e-9647-2f94785f3ee4" testId="1a851e37-6f85-b74a-060a-dc83a0845108" testName="ParseInvalid_BooleanToken" computerName="WESLEY-PC" duration="00:00:00.0205317" startTime="2012-02-03T12:05:29.4325581-08:00" endTime="2012-02-03T12:05:29.7125741-08:00" testType="13cdc9d9-ddb5-4fa4-a97d-d965ccfc6d4b" outcome="Passed" testListId="8c84fa94-04c1-424b-9868-57a2d4851a1d" relativeResultsDirectory="bb0aff07-74a5-460e-9647-2f94785f3ee4">
    </UnitTestResult>
    <UnitTestResult executionId="68aaec39-8a7d-4c26-a683-c16f83675a69" testId="505ef0d5-4a90-262f-583a-2231ebffde1a" testName="ParseInvalid_IdentifierToken" computerName="WESLEY-PC" duration="00:00:00.0018650" startTime="2012-02-03T12:05:29.7155743-08:00" endTime="2012-02-03T12:05:29.7235747-08:00" testType="13cdc9d9-ddb5-4fa4-a97d-d965ccfc6d4b" outcome="Passed" testListId="8c84fa94-04c1-424b-9868-57a2d4851a1d" relativeResultsDirectory="68aaec39-8a7d-4c26-a683-c16f83675a69">
    </UnitTestResult>
    <UnitTestResult executionId="944d6dfa-800a-43f2-98b4-8653d4a54b9c" testId="6c7091ba-5f65-8241-42f6-b5633d2a7bce" testName="ParseValid_BooleanToken" computerName="WESLEY-PC" duration="00:00:00.0002855" startTime="2012-02-03T12:05:29.7265749-08:00" endTime="2012-02-03T12:05:29.7325752-08:00" testType="13cdc9d9-ddb5-4fa4-a97d-d965ccfc6d4b" outcome="Passed" testListId="8c84fa94-04c1-424b-9868-57a2d4851a1d" relativeResultsDirectory="944d6dfa-800a-43f2-98b4-8653d4a54b9c">
    </UnitTestResult>
    <UnitTestResult executionId="98d41e5d-b1fd-454f-909a-617a4f693018" testId="a0536bad-ff14-1000-c4b5-c3d69830cdf2" testName="ParseValid_IdentifierToken" computerName="WESLEY-PC" duration="00:00:00.0002572" startTime="2012-02-03T12:05:29.7365755-08:00" endTime="2012-02-03T12:05:29.7425758-08:00" testType="13cdc9d9-ddb5-4fa4-a97d-d965ccfc6d4b" outcome="Passed" testListId="8c84fa94-04c1-424b-9868-57a2d4851a1d" relativeResultsDirectory="98d41e5d-b1fd-454f-909a-617a4f693018">
    </UnitTestResult>
  </Results>
</TestRun>