<?xml version="1.0" encoding="UTF-8"?>
<TestRun id="52b685d3-574c-492a-8195-3a00edd8689d" name="Wesley@WESLEY-PC 2012-02-03 12:37:47" runUser="Wesley-PC\Wesley" xmlns="http://microsoft.com/schemas/VisualStudio/TeamTest/2010">
  <TestSettings name="Local" id="1c7457da-c364-4c0b-a173-21f3fede2f04">
    <Description>These are default test settings for a local test run.</Description>
    <Deployment enabled="false" runDeploymentRoot="Wesley_WESLEY-PC 2012-02-03 12_37_47">
      <DeploymentItem filename="C:\Users\Wesley\Documents\classes\cs480\Compiler\bin\Debug\Compiler.exe" />
    </Deployment>
    <Execution>
      <TestTypeSpecific />
      <AgentRule name="Execution Agents">
      </AgentRule>
    </Execution>
  </TestSettings>
  <Times creation="2012-02-03T12:37:47.6094155-08:00" queuing="2012-02-03T12:37:49.1595041-08:00" start="2012-02-03T12:37:49.4395201-08:00" finish="2012-02-03T12:37:53.3917462-08:00" />
  <ResultSummary outcome="Failed">
    <Counters total="17" executed="17" passed="16" error="0" failed="1" timeout="0" aborted="0" inconclusive="0" passedButRunAborted="0" notRunnable="0" notExecuted="0" disconnected="0" warning="0" completed="0" inProgress="0" pending="0" />
  </ResultSummary>
  <TestDefinitions>
    <UnitTest name="ParseInvalid_IdentifierToken" storage="c:\users\wesley\documents\classes\cs480\compilertester\bin\debug\compilertester.dll" id="505ef0d5-4a90-262f-583a-2231ebffde1a">
      <Execution id="015c080f-7dd1-4499-8c1c-2930c1df01e7" />
      <TestMethod codeBase="C:/Users/Wesley/Documents/classes/cs480/CompilerTester/bin/Debug/CompilerTester.DLL" adapterTypeName="Microsoft.VisualStudio.TestTools.TestTypes.Unit.UnitTestAdapter, Microsoft.VisualStudio.QualityTools.Tips.UnitTest.Adapter, Version=10.0.0.0, Culture=neutral, PublicKeyToken=b03f5f7f11d50a3a" className="CompilerTester.AutomatonTests.AutomatonTester, CompilerTester, Version=1.0.0.0, Culture=neutral, PublicKeyToken=null" name="ParseInvalid_IdentifierToken" />
    </UnitTest>
    <UnitTest name="ParseValid_StringAutomaton" storage="c:\users\wesley\documents\classes\cs480\compilertester\bin\debug\compilertester.dll" id="ccb8a1cd-fae0-3d3e-35c4-f02eb4adc8df">
      <Execution id="7bd78d76-ca97-4646-bf43-14d32fd4be1b" />
      <TestMethod codeBase="C:/Users/Wesley/Documents/classes/cs480/CompilerTester/bin/Debug/CompilerTester.DLL" adapterTypeName="Microsoft.VisualStudio.TestTools.TestTypes.Unit.UnitTestAdapter, Microsoft.VisualStudio.QualityTools.Tips.UnitTest.Adapter, Version=10.0.0.0, Culture=neutral, PublicKeyToken=b03f5f7f11d50a3a" className="CompilerTester.AutomatonTests.AutomatonTester, CompilerTester, Version=1.0.0.0, Culture=neutral, PublicKeyToken=null" name="ParseValid_StringAutomaton" />
    </UnitTest>
    <UnitTest name="ParseValid_RealAutomaton" storage="c:\users\wesley\documents\classes\cs480\compilertester\bin\debug\compilertester.dll" id="4f8f5349-2ef8-2d80-69e7-52426e9dabb2">
      <Execution id="27356875-2f3e-4812-aebf-906d57d80365" />
      <TestMethod codeBase="C:/Users/Wesley/Documents/classes/cs480/CompilerTester/bin/Debug/CompilerTester.DLL" adapterTypeName="Microsoft.VisualStudio.TestTools.TestTypes.Unit.UnitTestAdapter, Microsoft.VisualStudio.QualityTools.Tips.UnitTest.Adapter, Version=10.0.0.0, Culture=neutral, PublicKeyToken=b03f5f7f11d50a3a" className="CompilerTester.AutomatonTests.AutomatonTester, CompilerTester, Version=1.0.0.0, Culture=neutral, PublicKeyToken=null" name="ParseValid_RealAutomaton" />
    </UnitTest>
    <UnitTest name="ParseValid_OperatorAutomaton" storage="c:\users\wesley\documents\classes\cs480\compilertester\bin\debug\compilertester.dll" id="abd0cb40-9b35-e5fb-8da0-408c845fbf81">
      <Execution id="e9b3731b-fea3-4187-9602-67d53a2a237e" />
      <TestMethod codeBase="C:/Users/Wesley/Documents/classes/cs480/CompilerTester/bin/Debug/CompilerTester.DLL" adapterTypeName="Microsoft.VisualStudio.TestTools.TestTypes.Unit.UnitTestAdapter, Microsoft.VisualStudio.QualityTools.Tips.UnitTest.Adapter, Version=10.0.0.0, Culture=neutral, PublicKeyToken=b03f5f7f11d50a3a" className="CompilerTester.AutomatonTests.AutomatonTester, CompilerTester, Version=1.0.0.0, Culture=neutral, PublicKeyToken=null" name="ParseValid_OperatorAutomaton" />
    </UnitTest>
    <UnitTest name="ParseValid_KeywordAutomaton" storage="c:\users\wesley\documents\classes\cs480\compilertester\bin\debug\compilertester.dll" id="a2498060-f04d-39b6-22b1-3ce4df103b6a">
      <Execution id="4ecf381c-bf2e-4423-94ea-2d213b05b136" />
      <TestMethod codeBase="C:/Users/Wesley/Documents/classes/cs480/CompilerTester/bin/Debug/CompilerTester.DLL" adapterTypeName="Microsoft.VisualStudio.TestTools.TestTypes.Unit.UnitTestAdapter, Microsoft.VisualStudio.QualityTools.Tips.UnitTest.Adapter, Version=10.0.0.0, Culture=neutral, PublicKeyToken=b03f5f7f11d50a3a" className="CompilerTester.AutomatonTests.AutomatonTester, CompilerTester, Version=1.0.0.0, Culture=neutral, PublicKeyToken=null" name="ParseValid_KeywordAutomaton" />
    </UnitTest>
    <UnitTest name="ParseValid_IdentifierToken" storage="c:\users\wesley\documents\classes\cs480\compilertester\bin\debug\compilertester.dll" id="a0536bad-ff14-1000-c4b5-c3d69830cdf2">
      <Execution id="3144334a-b861-4bd7-b1a4-73d66566514c" />
      <TestMethod codeBase="C:/Users/Wesley/Documents/classes/cs480/CompilerTester/bin/Debug/CompilerTester.DLL" adapterTypeName="Microsoft.VisualStudio.TestTools.TestTypes.Unit.UnitTestAdapter, Microsoft.VisualStudio.QualityTools.Tips.UnitTest.Adapter, Version=10.0.0.0, Culture=neutral, PublicKeyToken=b03f5f7f11d50a3a" className="CompilerTester.AutomatonTests.AutomatonTester, CompilerTester, Version=1.0.0.0, Culture=neutral, PublicKeyToken=null" name="ParseValid_IdentifierToken" />
    </UnitTest>
    <UnitTest name="ParseValid_BooleanToken" storage="c:\users\wesley\documents\classes\cs480\compilertester\bin\debug\compilertester.dll" id="6c7091ba-5f65-8241-42f6-b5633d2a7bce">
      <Execution id="a9e8c799-3132-4f78-a0a9-09c7e12b95e4" />
      <TestMethod codeBase="C:/Users/Wesley/Documents/classes/cs480/CompilerTester/bin/Debug/CompilerTester.DLL" adapterTypeName="Microsoft.VisualStudio.TestTools.TestTypes.Unit.UnitTestAdapter, Microsoft.VisualStudio.QualityTools.Tips.UnitTest.Adapter, Version=10.0.0.0, Culture=neutral, PublicKeyToken=b03f5f7f11d50a3a" className="CompilerTester.AutomatonTests.AutomatonTester, CompilerTester, Version=1.0.0.0, Culture=neutral, PublicKeyToken=null" name="ParseValid_BooleanToken" />
    </UnitTest>
    <UnitTest name="ParseInvalid_operatorAutomaton" storage="c:\users\wesley\documents\classes\cs480\compilertester\bin\debug\compilertester.dll" id="1d334bdc-306c-094c-b736-a678314af923">
      <Execution id="4229611c-2bc9-44ac-ae80-22106bf93794" />
      <TestMethod codeBase="C:/Users/Wesley/Documents/classes/cs480/CompilerTester/bin/Debug/CompilerTester.DLL" adapterTypeName="Microsoft.VisualStudio.TestTools.TestTypes.Unit.UnitTestAdapter, Microsoft.VisualStudio.QualityTools.Tips.UnitTest.Adapter, Version=10.0.0.0, Culture=neutral, PublicKeyToken=b03f5f7f11d50a3a" className="CompilerTester.AutomatonTests.AutomatonTester, CompilerTester, Version=1.0.0.0, Culture=neutral, PublicKeyToken=null" name="ParseInvalid_operatorAutomaton" />
    </UnitTest>
    <UnitTest name="ParseInvalid_BooleanToken" storage="c:\users\wesley\documents\classes\cs480\compilertester\bin\debug\compilertester.dll" id="1a851e37-6f85-b74a-060a-dc83a0845108">
      <Execution id="c4610e3a-a05f-4e81-8bc8-027426758fff" />
      <TestMethod codeBase="C:/Users/Wesley/Documents/classes/cs480/CompilerTester/bin/Debug/CompilerTester.DLL" adapterTypeName="Microsoft.VisualStudio.TestTools.TestTypes.Unit.UnitTestAdapter, Microsoft.VisualStudio.QualityTools.Tips.UnitTest.Adapter, Version=10.0.0.0, Culture=neutral, PublicKeyToken=b03f5f7f11d50a3a" className="CompilerTester.AutomatonTests.AutomatonTester, CompilerTester, Version=1.0.0.0, Culture=neutral, PublicKeyToken=null" name="ParseInvalid_BooleanToken" />
    </UnitTest>
    <UnitTest name="ParseLetter_RealAutomaton" storage="c:\users\wesley\documents\classes\cs480\compilertester\bin\debug\compilertester.dll" id="cf2bf113-0457-4a92-df97-2e311255c1d5">
      <Execution id="c7ec1567-796a-4302-9915-4ffa9ef4e763" />
      <TestMethod codeBase="C:/Users/Wesley/Documents/classes/cs480/CompilerTester/bin/Debug/CompilerTester.DLL" adapterTypeName="Microsoft.VisualStudio.TestTools.TestTypes.Unit.UnitTestAdapter, Microsoft.VisualStudio.QualityTools.Tips.UnitTest.Adapter, Version=10.0.0.0, Culture=neutral, PublicKeyToken=b03f5f7f11d50a3a" className="CompilerTester.AutomatonTests.AutomatonTester, CompilerTester, Version=1.0.0.0, Culture=neutral, PublicKeyToken=null" name="ParseLetter_RealAutomaton" />
    </UnitTest>
    <UnitTest name="ParseValid_IntegerToken" storage="c:\users\wesley\documents\classes\cs480\compilertester\bin\debug\compilertester.dll" id="cc84c344-9da1-8e87-934f-8110ac4d7fb2">
      <Execution id="29f51731-fd4b-44bd-9cd8-fcd50665b165" />
      <TestMethod codeBase="C:/Users/Wesley/Documents/classes/cs480/CompilerTester/bin/Debug/CompilerTester.DLL" adapterTypeName="Microsoft.VisualStudio.TestTools.TestTypes.Unit.UnitTestAdapter, Microsoft.VisualStudio.QualityTools.Tips.UnitTest.Adapter, Version=10.0.0.0, Culture=neutral, PublicKeyToken=b03f5f7f11d50a3a" className="CompilerTester.AutomatonTests.AutomatonTester, CompilerTester, Version=1.0.0.0, Culture=neutral, PublicKeyToken=null" name="ParseValid_IntegerToken" />
    </UnitTest>
    <UnitTest name="ParseInvalid_StringAutomaton" storage="c:\users\wesley\documents\classes\cs480\compilertester\bin\debug\compilertester.dll" id="ef2570ba-617b-5366-19e9-a34607fcc339">
      <Execution id="aaae002a-ed4a-4c7e-b329-cb407891145f" />
      <TestMethod codeBase="C:/Users/Wesley/Documents/classes/cs480/CompilerTester/bin/Debug/CompilerTester.DLL" adapterTypeName="Microsoft.VisualStudio.TestTools.TestTypes.Unit.UnitTestAdapter, Microsoft.VisualStudio.QualityTools.Tips.UnitTest.Adapter, Version=10.0.0.0, Culture=neutral, PublicKeyToken=b03f5f7f11d50a3a" className="CompilerTester.AutomatonTests.AutomatonTester, CompilerTester, Version=1.0.0.0, Culture=neutral, PublicKeyToken=null" name="ParseInvalid_StringAutomaton" />
    </UnitTest>
    <UnitTest name="ParseInvalid_IntegerToken" storage="c:\users\wesley\documents\classes\cs480\compilertester\bin\debug\compilertester.dll" id="eeab2feb-d40a-4f9f-1f5b-b9d58e9aa806">
      <Execution id="7ccfd006-c287-4883-9e67-755cffd46bc1" />
      <TestMethod codeBase="C:/Users/Wesley/Documents/classes/cs480/CompilerTester/bin/Debug/CompilerTester.DLL" adapterTypeName="Microsoft.VisualStudio.TestTools.TestTypes.Unit.UnitTestAdapter, Microsoft.VisualStudio.QualityTools.Tips.UnitTest.Adapter, Version=10.0.0.0, Culture=neutral, PublicKeyToken=b03f5f7f11d50a3a" className="CompilerTester.AutomatonTests.AutomatonTester, CompilerTester, Version=1.0.0.0, Culture=neutral, PublicKeyToken=null" name="ParseInvalid_IntegerToken" />
    </UnitTest>
    <UnitTest name="ParseInt_RealAutomaton" storage="c:\users\wesley\documents\classes\cs480\compilertester\bin\debug\compilertester.dll" id="67ee6581-c325-70cf-9b7f-7fa1aad9c7dd">
      <Execution id="0f718dce-726c-43bf-9f5b-64e80dd6cc0a" />
      <TestMethod codeBase="C:/Users/Wesley/Documents/classes/cs480/CompilerTester/bin/Debug/CompilerTester.DLL" adapterTypeName="Microsoft.VisualStudio.TestTools.TestTypes.Unit.UnitTestAdapter, Microsoft.VisualStudio.QualityTools.Tips.UnitTest.Adapter, Version=10.0.0.0, Culture=neutral, PublicKeyToken=b03f5f7f11d50a3a" className="CompilerTester.AutomatonTests.AutomatonTester, CompilerTester, Version=1.0.0.0, Culture=neutral, PublicKeyToken=null" name="ParseInt_RealAutomaton" />
    </UnitTest>
    <UnitTest name="ParseInvalid_KeywordAutomaton" storage="c:\users\wesley\documents\classes\cs480\compilertester\bin\debug\compilertester.dll" id="ce481693-a915-93b0-ad2c-c73a6aded7c8">
      <Execution id="5bd0eec3-fb54-4e12-ab0d-dc7af32ff2fa" />
      <TestMethod codeBase="C:/Users/Wesley/Documents/classes/cs480/CompilerTester/bin/Debug/CompilerTester.DLL" adapterTypeName="Microsoft.VisualStudio.TestTools.TestTypes.Unit.UnitTestAdapter, Microsoft.VisualStudio.QualityTools.Tips.UnitTest.Adapter, Version=10.0.0.0, Culture=neutral, PublicKeyToken=b03f5f7f11d50a3a" className="CompilerTester.AutomatonTests.AutomatonTester, CompilerTester, Version=1.0.0.0, Culture=neutral, PublicKeyToken=null" name="ParseInvalid_KeywordAutomaton" />
    </UnitTest>
    <UnitTest name="AnalyzeTrueBoolean_Test" storage="c:\users\wesley\documents\classes\cs480\compilertester\bin\debug\compilertester.dll" id="811156f8-38d4-0e73-a7f6-7b4114b9afd2">
      <Execution id="9bf91990-adb7-4bf5-833a-5519c6992b5d" />
      <TestMethod codeBase="C:/Users/Wesley/Documents/classes/cs480/CompilerTester/bin/Debug/CompilerTester.DLL" adapterTypeName="Microsoft.VisualStudio.TestTools.TestTypes.Unit.UnitTestAdapter, Microsoft.VisualStudio.QualityTools.Tips.UnitTest.Adapter, Version=10.0.0.0, Culture=neutral, PublicKeyToken=b03f5f7f11d50a3a" className="CompilerTester.LexicalAnalyzerTests.LexicalAnalyzerTest, CompilerTester, Version=1.0.0.0, Culture=neutral, PublicKeyToken=null" name="AnalyzeTrueBoolean_Test" />
    </UnitTest>
    <UnitTest name="ParseEmptyString_RealAutomaton" storage="c:\users\wesley\documents\classes\cs480\compilertester\bin\debug\compilertester.dll" id="0bd0e4c4-8eba-9c69-df7e-099b70121255">
      <Execution id="4633e267-40d6-4e72-8ce5-82b7313ae6b5" />
      <TestMethod codeBase="C:/Users/Wesley/Documents/classes/cs480/CompilerTester/bin/Debug/CompilerTester.DLL" adapterTypeName="Microsoft.VisualStudio.TestTools.TestTypes.Unit.UnitTestAdapter, Microsoft.VisualStudio.QualityTools.Tips.UnitTest.Adapter, Version=10.0.0.0, Culture=neutral, PublicKeyToken=b03f5f7f11d50a3a" className="CompilerTester.AutomatonTests.AutomatonTester, CompilerTester, Version=1.0.0.0, Culture=neutral, PublicKeyToken=null" name="ParseEmptyString_RealAutomaton" />
    </UnitTest>
  </TestDefinitions>
  <TestLists>
    <TestList name="Results Not in a List" id="8c84fa94-04c1-424b-9868-57a2d4851a1d" />
    <TestList name="All Loaded Results" id="19431567-8539-422a-85d7-44ee4e166bda" />
  </TestLists>
  <TestEntries>
    <TestEntry testId="0bd0e4c4-8eba-9c69-df7e-099b70121255" executionId="4633e267-40d6-4e72-8ce5-82b7313ae6b5" testListId="8c84fa94-04c1-424b-9868-57a2d4851a1d" />
    <TestEntry testId="1a851e37-6f85-b74a-060a-dc83a0845108" executionId="c4610e3a-a05f-4e81-8bc8-027426758fff" testListId="8c84fa94-04c1-424b-9868-57a2d4851a1d" />
    <TestEntry testId="1d334bdc-306c-094c-b736-a678314af923" executionId="4229611c-2bc9-44ac-ae80-22106bf93794" testListId="8c84fa94-04c1-424b-9868-57a2d4851a1d" />
    <TestEntry testId="4f8f5349-2ef8-2d80-69e7-52426e9dabb2" executionId="27356875-2f3e-4812-aebf-906d57d80365" testListId="8c84fa94-04c1-424b-9868-57a2d4851a1d" />
    <TestEntry testId="505ef0d5-4a90-262f-583a-2231ebffde1a" executionId="015c080f-7dd1-4499-8c1c-2930c1df01e7" testListId="8c84fa94-04c1-424b-9868-57a2d4851a1d" />
    <TestEntry testId="67ee6581-c325-70cf-9b7f-7fa1aad9c7dd" executionId="0f718dce-726c-43bf-9f5b-64e80dd6cc0a" testListId="8c84fa94-04c1-424b-9868-57a2d4851a1d" />
    <TestEntry testId="6c7091ba-5f65-8241-42f6-b5633d2a7bce" executionId="a9e8c799-3132-4f78-a0a9-09c7e12b95e4" testListId="8c84fa94-04c1-424b-9868-57a2d4851a1d" />
    <TestEntry testId="811156f8-38d4-0e73-a7f6-7b4114b9afd2" executionId="9bf91990-adb7-4bf5-833a-5519c6992b5d" testListId="8c84fa94-04c1-424b-9868-57a2d4851a1d" />
    <TestEntry testId="a0536bad-ff14-1000-c4b5-c3d69830cdf2" executionId="3144334a-b861-4bd7-b1a4-73d66566514c" testListId="8c84fa94-04c1-424b-9868-57a2d4851a1d" />
    <TestEntry testId="a2498060-f04d-39b6-22b1-3ce4df103b6a" executionId="4ecf381c-bf2e-4423-94ea-2d213b05b136" testListId="8c84fa94-04c1-424b-9868-57a2d4851a1d" />
    <TestEntry testId="abd0cb40-9b35-e5fb-8da0-408c845fbf81" executionId="e9b3731b-fea3-4187-9602-67d53a2a237e" testListId="8c84fa94-04c1-424b-9868-57a2d4851a1d" />
    <TestEntry testId="cc84c344-9da1-8e87-934f-8110ac4d7fb2" executionId="29f51731-fd4b-44bd-9cd8-fcd50665b165" testListId="8c84fa94-04c1-424b-9868-57a2d4851a1d" />
    <TestEntry testId="ccb8a1cd-fae0-3d3e-35c4-f02eb4adc8df" executionId="7bd78d76-ca97-4646-bf43-14d32fd4be1b" testListId="8c84fa94-04c1-424b-9868-57a2d4851a1d" />
    <TestEntry testId="ce481693-a915-93b0-ad2c-c73a6aded7c8" executionId="5bd0eec3-fb54-4e12-ab0d-dc7af32ff2fa" testListId="8c84fa94-04c1-424b-9868-57a2d4851a1d" />
    <TestEntry testId="cf2bf113-0457-4a92-df97-2e311255c1d5" executionId="c7ec1567-796a-4302-9915-4ffa9ef4e763" testListId="8c84fa94-04c1-424b-9868-57a2d4851a1d" />
    <TestEntry testId="eeab2feb-d40a-4f9f-1f5b-b9d58e9aa806" executionId="7ccfd006-c287-4883-9e67-755cffd46bc1" testListId="8c84fa94-04c1-424b-9868-57a2d4851a1d" />
    <TestEntry testId="ef2570ba-617b-5366-19e9-a34607fcc339" executionId="aaae002a-ed4a-4c7e-b329-cb407891145f" testListId="8c84fa94-04c1-424b-9868-57a2d4851a1d" />
  </TestEntries>
  <Results>
    <UnitTestResult executionId="4633e267-40d6-4e72-8ce5-82b7313ae6b5" testId="0bd0e4c4-8eba-9c69-df7e-099b70121255" testName="ParseEmptyString_RealAutomaton" computerName="WESLEY-PC" duration="00:00:00.0270174" startTime="2012-02-03T12:37:49.7375372-08:00" endTime="2012-02-03T12:37:50.9596071-08:00" testType="13cdc9d9-ddb5-4fa4-a97d-d965ccfc6d4b" outcome="Passed" testListId="8c84fa94-04c1-424b-9868-57a2d4851a1d" relativeResultsDirectory="4633e267-40d6-4e72-8ce5-82b7313ae6b5">
    </UnitTestResult>
    <UnitTestResult executionId="c4610e3a-a05f-4e81-8bc8-027426758fff" testId="1a851e37-6f85-b74a-060a-dc83a0845108" testName="ParseInvalid_BooleanToken" computerName="WESLEY-PC" duration="00:00:00.0006306" startTime="2012-02-03T12:37:50.9846085-08:00" endTime="2012-02-03T12:37:50.9956091-08:00" testType="13cdc9d9-ddb5-4fa4-a97d-d965ccfc6d4b" outcome="Passed" testListId="8c84fa94-04c1-424b-9868-57a2d4851a1d" relativeResultsDirectory="c4610e3a-a05f-4e81-8bc8-027426758fff">
    </UnitTestResult>
    <UnitTestResult executionId="4229611c-2bc9-44ac-ae80-22106bf93794" testId="1d334bdc-306c-094c-b736-a678314af923" testName="ParseInvalid_operatorAutomaton" computerName="WESLEY-PC" duration="00:00:00.0015359" startTime="2012-02-03T12:37:51.0016095-08:00" endTime="2012-02-03T12:37:51.0136102-08:00" testType="13cdc9d9-ddb5-4fa4-a97d-d965ccfc6d4b" outcome="Passed" testListId="8c84fa94-04c1-424b-9868-57a2d4851a1d" relativeResultsDirectory="4229611c-2bc9-44ac-ae80-22106bf93794">
    </UnitTestResult>
    <UnitTestResult executionId="27356875-2f3e-4812-aebf-906d57d80365" testId="4f8f5349-2ef8-2d80-69e7-52426e9dabb2" testName="ParseValid_RealAutomaton" computerName="WESLEY-PC" duration="00:00:00.0007102" startTime="2012-02-03T12:37:51.0196105-08:00" endTime="2012-02-03T12:37:51.0326113-08:00" testType="13cdc9d9-ddb5-4fa4-a97d-d965ccfc6d4b" outcome="Passed" testListId="8c84fa94-04c1-424b-9868-57a2d4851a1d" relativeResultsDirectory="27356875-2f3e-4812-aebf-906d57d80365">
    </UnitTestResult>
    <UnitTestResult executionId="015c080f-7dd1-4499-8c1c-2930c1df01e7" testId="505ef0d5-4a90-262f-583a-2231ebffde1a" testName="ParseInvalid_IdentifierToken" computerName="WESLEY-PC" duration="00:00:00.0020074" startTime="2012-02-03T12:37:51.0376115-08:00" endTime="2012-02-03T12:37:51.0506123-08:00" testType="13cdc9d9-ddb5-4fa4-a97d-d965ccfc6d4b" outcome="Passed" testListId="8c84fa94-04c1-424b-9868-57a2d4851a1d" relativeResultsDirectory="015c080f-7dd1-4499-8c1c-2930c1df01e7">
    </UnitTestResult>
    <UnitTestResult executionId="0f718dce-726c-43bf-9f5b-64e80dd6cc0a" testId="67ee6581-c325-70cf-9b7f-7fa1aad9c7dd" testName="ParseInt_RealAutomaton" computerName="WESLEY-PC" duration="00:00:00.0003823" startTime="2012-02-03T12:37:51.0566126-08:00" endTime="2012-02-03T12:37:51.0696134-08:00" testType="13cdc9d9-ddb5-4fa4-a97d-d965ccfc6d4b" outcome="Passed" testListId="8c84fa94-04c1-424b-9868-57a2d4851a1d" relativeResultsDirectory="0f718dce-726c-43bf-9f5b-64e80dd6cc0a">
    </UnitTestResult>
    <UnitTestResult executionId="a9e8c799-3132-4f78-a0a9-09c7e12b95e4" testId="6c7091ba-5f65-8241-42f6-b5633d2a7bce" testName="ParseValid_BooleanToken" computerName="WESLEY-PC" duration="00:00:00.0002797" startTime="2012-02-03T12:37:51.0776138-08:00" endTime="2012-02-03T12:37:51.0886145-08:00" testType="13cdc9d9-ddb5-4fa4-a97d-d965ccfc6d4b" outcome="Passed" testListId="8c84fa94-04c1-424b-9868-57a2d4851a1d" relativeResultsDirectory="a9e8c799-3132-4f78-a0a9-09c7e12b95e4">
    </UnitTestResult>
    <UnitTestResult executionId="9bf91990-adb7-4bf5-833a-5519c6992b5d" testId="811156f8-38d4-0e73-a7f6-7b4114b9afd2" testName="AnalyzeTrueBoolean_Test" computerName="WESLEY-PC" duration="00:00:01.7986574" startTime="2012-02-03T12:37:51.0936147-08:00" endTime="2012-02-03T12:37:53.0587271-08:00" testType="13cdc9d9-ddb5-4fa4-a97d-d965ccfc6d4b" outcome="Failed" testListId="8c84fa94-04c1-424b-9868-57a2d4851a1d" relativeResultsDirectory="9bf91990-adb7-4bf5-833a-5519c6992b5d">
      <Output>
        <ErrorInfo>
          <Message>Test method CompilerTester.LexicalAnalyzerTests.LexicalAnalyzerTest.AnalyzeTrueBoolean_Test threw exception: 
System.NullReferenceException: Object reference not set to an instance of an object.</Message>
          <StackTrace>    at CompilerTester.LexicalAnalyzerTests.LexicalAnalyzerTest.AnalyzeTrueBoolean_Test() in C:\Users\Wesley\Documents\classes\cs480\CompilerTester\LexicalAnalyzerTests\LexicalAnalyzerTest.cs:line 22
</StackTrace>
        </ErrorInfo>
      </Output>
    </UnitTestResult>
    <UnitTestResult executionId="3144334a-b861-4bd7-b1a4-73d66566514c" testId="a0536bad-ff14-1000-c4b5-c3d69830cdf2" testName="ParseValid_IdentifierToken" computerName="WESLEY-PC" duration="00:00:00.0003118" startTime="2012-02-03T12:37:53.0667276-08:00" endTime="2012-02-03T12:37:53.0887289-08:00" testType="13cdc9d9-ddb5-4fa4-a97d-d965ccfc6d4b" outcome="Passed" testListId="8c84fa94-04c1-424b-9868-57a2d4851a1d" relativeResultsDirectory="3144334a-b861-4bd7-b1a4-73d66566514c">
    </UnitTestResult>
    <UnitTestResult executionId="4ecf381c-bf2e-4423-94ea-2d213b05b136" testId="a2498060-f04d-39b6-22b1-3ce4df103b6a" testName="ParseValid_KeywordAutomaton" computerName="WESLEY-PC" duration="00:00:00.0009790" startTime="2012-02-03T12:37:53.0997295-08:00" endTime="2012-02-03T12:37:53.1167305-08:00" testType="13cdc9d9-ddb5-4fa4-a97d-d965ccfc6d4b" outcome="Passed" testListId="8c84fa94-04c1-424b-9868-57a2d4851a1d" relativeResultsDirectory="4ecf381c-bf2e-4423-94ea-2d213b05b136">
    </UnitTestResult>
    <UnitTestResult executionId="e9b3731b-fea3-4187-9602-67d53a2a237e" testId="abd0cb40-9b35-e5fb-8da0-408c845fbf81" testName="ParseValid_OperatorAutomaton" computerName="WESLEY-PC" duration="00:00:00.0004914" startTime="2012-02-03T12:37:53.1247309-08:00" endTime="2012-02-03T12:37:53.1387317-08:00" testType="13cdc9d9-ddb5-4fa4-a97d-d965ccfc6d4b" outcome="Passed" testListId="8c84fa94-04c1-424b-9868-57a2d4851a1d" relativeResultsDirectory="e9b3731b-fea3-4187-9602-67d53a2a237e">
    </UnitTestResult>
    <UnitTestResult executionId="29f51731-fd4b-44bd-9cd8-fcd50665b165" testId="cc84c344-9da1-8e87-934f-8110ac4d7fb2" testName="ParseValid_IntegerToken" computerName="WESLEY-PC" duration="00:00:00.0005453" startTime="2012-02-03T12:37:53.1477322-08:00" endTime="2012-02-03T12:37:53.1617330-08:00" testType="13cdc9d9-ddb5-4fa4-a97d-d965ccfc6d4b" outcome="Passed" testListId="8c84fa94-04c1-424b-9868-57a2d4851a1d" relativeResultsDirectory="29f51731-fd4b-44bd-9cd8-fcd50665b165">
    </UnitTestResult>
    <UnitTestResult executionId="7bd78d76-ca97-4646-bf43-14d32fd4be1b" testId="ccb8a1cd-fae0-3d3e-35c4-f02eb4adc8df" testName="ParseValid_StringAutomaton" computerName="WESLEY-PC" duration="00:00:00.0010707" startTime="2012-02-03T12:37:53.1687334-08:00" endTime="2012-02-03T12:37:53.1817342-08:00" testType="13cdc9d9-ddb5-4fa4-a97d-d965ccfc6d4b" outcome="Passed" testListId="8c84fa94-04c1-424b-9868-57a2d4851a1d" relativeResultsDirectory="7bd78d76-ca97-4646-bf43-14d32fd4be1b">
    </UnitTestResult>
    <UnitTestResult executionId="5bd0eec3-fb54-4e12-ab0d-dc7af32ff2fa" testId="ce481693-a915-93b0-ad2c-c73a6aded7c8" testName="ParseInvalid_KeywordAutomaton" computerName="WESLEY-PC" duration="00:00:00.0002630" startTime="2012-02-03T12:37:53.1897346-08:00" endTime="2012-02-03T12:37:53.2017353-08:00" testType="13cdc9d9-ddb5-4fa4-a97d-d965ccfc6d4b" outcome="Passed" testListId="8c84fa94-04c1-424b-9868-57a2d4851a1d" relativeResultsDirectory="5bd0eec3-fb54-4e12-ab0d-dc7af32ff2fa">
    </UnitTestResult>
    <UnitTestResult executionId="c7ec1567-796a-4302-9915-4ffa9ef4e763" testId="cf2bf113-0457-4a92-df97-2e311255c1d5" testName="ParseLetter_RealAutomaton" computerName="WESLEY-PC" duration="00:00:00.0002887" startTime="2012-02-03T12:37:53.2087357-08:00" endTime="2012-02-03T12:37:53.2217365-08:00" testType="13cdc9d9-ddb5-4fa4-a97d-d965ccfc6d4b" outcome="Passed" testListId="8c84fa94-04c1-424b-9868-57a2d4851a1d" relativeResultsDirectory="c7ec1567-796a-4302-9915-4ffa9ef4e763">
    </UnitTestResult>
    <UnitTestResult executionId="7ccfd006-c287-4883-9e67-755cffd46bc1" testId="eeab2feb-d40a-4f9f-1f5b-b9d58e9aa806" testName="ParseInvalid_IntegerToken" computerName="WESLEY-PC" duration="00:00:00.0002822" startTime="2012-02-03T12:37:53.2527382-08:00" endTime="2012-02-03T12:37:53.2637389-08:00" testType="13cdc9d9-ddb5-4fa4-a97d-d965ccfc6d4b" outcome="Passed" testListId="8c84fa94-04c1-424b-9868-57a2d4851a1d" relativeResultsDirectory="7ccfd006-c287-4883-9e67-755cffd46bc1">
    </UnitTestResult>
    <UnitTestResult executionId="aaae002a-ed4a-4c7e-b329-cb407891145f" testId="ef2570ba-617b-5366-19e9-a34607fcc339" testName="ParseInvalid_StringAutomaton" computerName="WESLEY-PC" duration="00:00:00.0002200" startTime="2012-02-03T12:37:53.2697392-08:00" endTime="2012-02-03T12:37:53.2817399-08:00" testType="13cdc9d9-ddb5-4fa4-a97d-d965ccfc6d4b" outcome="Passed" testListId="8c84fa94-04c1-424b-9868-57a2d4851a1d" relativeResultsDirectory="aaae002a-ed4a-4c7e-b329-cb407891145f">
    </UnitTestResult>
  </Results>
</TestRun>