<?xml version="1.0" encoding="UTF-8"?>
<TestRun id="6866cb75-6faa-4a9b-8652-8003f8811c56" name="Wesley@WESLEY-PC 2012-02-03 12:22:20" runUser="Wesley-PC\Wesley" xmlns="http://microsoft.com/schemas/VisualStudio/TeamTest/2010">
  <TestSettings name="Local" id="1c7457da-c364-4c0b-a173-21f3fede2f04">
    <Description>These are default test settings for a local test run.</Description>
    <Deployment enabled="false" runDeploymentRoot="Wesley_WESLEY-PC 2012-02-03 12_22_20">
      <DeploymentItem filename="C:\Users\Wesley\Documents\classes\cs480\Compiler\bin\Debug\Compiler.exe" />
    </Deployment>
    <Execution>
      <TestTypeSpecific />
      <AgentRule name="Execution Agents">
      </AgentRule>
    </Execution>
  </TestSettings>
  <Times creation="2012-02-03T12:22:20.7904044-08:00" queuing="2012-02-03T12:22:20.8024051-08:00" start="2012-02-03T12:22:20.8114056-08:00" finish="2012-02-03T12:22:21.1654259-08:00" />
  <ResultSummary outcome="Failed">
    <Counters total="11" executed="11" passed="10" error="0" failed="1" timeout="0" aborted="0" inconclusive="0" passedButRunAborted="0" notRunnable="0" notExecuted="0" disconnected="0" warning="0" completed="0" inProgress="0" pending="0" />
  </ResultSummary>
  <TestDefinitions>
    <UnitTest name="ParseValid_RealAutomaton" storage="c:\users\wesley\documents\classes\cs480\compilertester\bin\debug\compilertester.dll" id="4f8f5349-2ef8-2d80-69e7-52426e9dabb2">
      <Execution id="f2451303-ad11-4a21-abb1-917cffc91d92" />
      <TestMethod codeBase="C:/Users/Wesley/Documents/classes/cs480/CompilerTester/bin/Debug/CompilerTester.DLL" adapterTypeName="Microsoft.VisualStudio.TestTools.TestTypes.Unit.UnitTestAdapter, Microsoft.VisualStudio.QualityTools.Tips.UnitTest.Adapter, Version=10.0.0.0, Culture=neutral, PublicKeyToken=b03f5f7f11d50a3a" className="CompilerTester.AutomatonTests.AutomatonTester, CompilerTester, Version=1.0.0.0, Culture=neutral, PublicKeyToken=null" name="ParseValid_RealAutomaton" />
    </UnitTest>
    <UnitTest name="ParseValid_BooleanToken" storage="c:\users\wesley\documents\classes\cs480\compilertester\bin\debug\compilertester.dll" id="6c7091ba-5f65-8241-42f6-b5633d2a7bce">
      <Execution id="186498df-7b35-41ae-bbbe-d81b6f07d358" />
      <TestMethod codeBase="C:/Users/Wesley/Documents/classes/cs480/CompilerTester/bin/Debug/CompilerTester.DLL" adapterTypeName="Microsoft.VisualStudio.TestTools.TestTypes.Unit.UnitTestAdapter, Microsoft.VisualStudio.QualityTools.Tips.UnitTest.Adapter, Version=10.0.0.0, Culture=neutral, PublicKeyToken=b03f5f7f11d50a3a" className="CompilerTester.AutomatonTests.AutomatonTester, CompilerTester, Version=1.0.0.0, Culture=neutral, PublicKeyToken=null" name="ParseValid_BooleanToken" />
    </UnitTest>
    <UnitTest name="ParseValid_OperatorAutomaton" storage="c:\users\wesley\documents\classes\cs480\compilertester\bin\debug\compilertester.dll" id="abd0cb40-9b35-e5fb-8da0-408c845fbf81">
      <Execution id="bf306c5c-2eb3-48f5-98f4-54c21d089fcb" />
      <TestMethod codeBase="C:/Users/Wesley/Documents/classes/cs480/CompilerTester/bin/Debug/CompilerTester.DLL" adapterTypeName="Microsoft.VisualStudio.TestTools.TestTypes.Unit.UnitTestAdapter, Microsoft.VisualStudio.QualityTools.Tips.UnitTest.Adapter, Version=10.0.0.0, Culture=neutral, PublicKeyToken=b03f5f7f11d50a3a" className="CompilerTester.AutomatonTests.AutomatonTester, CompilerTester, Version=1.0.0.0, Culture=neutral, PublicKeyToken=null" name="ParseValid_OperatorAutomaton" />
    </UnitTest>
    <UnitTest name="ParseInvalid_operatorAutomaton" storage="c:\users\wesley\documents\classes\cs480\compilertester\bin\debug\compilertester.dll" id="1d334bdc-306c-094c-b736-a678314af923">
      <Execution id="1cb74441-2322-4c17-8d05-0ffa77b8831a" />
      <TestMethod codeBase="C:/Users/Wesley/Documents/classes/cs480/CompilerTester/bin/Debug/CompilerTester.DLL" adapterTypeName="Microsoft.VisualStudio.TestTools.TestTypes.Unit.UnitTestAdapter, Microsoft.VisualStudio.QualityTools.Tips.UnitTest.Adapter, Version=10.0.0.0, Culture=neutral, PublicKeyToken=b03f5f7f11d50a3a" className="CompilerTester.AutomatonTests.AutomatonTester, CompilerTester, Version=1.0.0.0, Culture=neutral, PublicKeyToken=null" name="ParseInvalid_operatorAutomaton" />
    </UnitTest>
    <UnitTest name="ParseValid_KeywordAutomaton" storage="c:\users\wesley\documents\classes\cs480\compilertester\bin\debug\compilertester.dll" id="a2498060-f04d-39b6-22b1-3ce4df103b6a">
      <Execution id="60593dd9-29e9-4c73-a379-3fcc8fda05ce" />
      <TestMethod codeBase="C:/Users/Wesley/Documents/classes/cs480/CompilerTester/bin/Debug/CompilerTester.DLL" adapterTypeName="Microsoft.VisualStudio.TestTools.TestTypes.Unit.UnitTestAdapter, Microsoft.VisualStudio.QualityTools.Tips.UnitTest.Adapter, Version=10.0.0.0, Culture=neutral, PublicKeyToken=b03f5f7f11d50a3a" className="CompilerTester.AutomatonTests.AutomatonTester, CompilerTester, Version=1.0.0.0, Culture=neutral, PublicKeyToken=null" name="ParseValid_KeywordAutomaton" />
    </UnitTest>
    <UnitTest name="ParseValid_IdentifierToken" storage="c:\users\wesley\documents\classes\cs480\compilertester\bin\debug\compilertester.dll" id="a0536bad-ff14-1000-c4b5-c3d69830cdf2">
      <Execution id="e1a841fe-e9da-4895-804e-9cf215689544" />
      <TestMethod codeBase="C:/Users/Wesley/Documents/classes/cs480/CompilerTester/bin/Debug/CompilerTester.DLL" adapterTypeName="Microsoft.VisualStudio.TestTools.TestTypes.Unit.UnitTestAdapter, Microsoft.VisualStudio.QualityTools.Tips.UnitTest.Adapter, Version=10.0.0.0, Culture=neutral, PublicKeyToken=b03f5f7f11d50a3a" className="CompilerTester.AutomatonTests.AutomatonTester, CompilerTester, Version=1.0.0.0, Culture=neutral, PublicKeyToken=null" name="ParseValid_IdentifierToken" />
    </UnitTest>
    <UnitTest name="ParseInvalid_IntegerToken" storage="c:\users\wesley\documents\classes\cs480\compilertester\bin\debug\compilertester.dll" id="eeab2feb-d40a-4f9f-1f5b-b9d58e9aa806">
      <Execution id="ae9ad8e1-c933-48e6-ab45-72325536453b" />
      <TestMethod codeBase="C:/Users/Wesley/Documents/classes/cs480/CompilerTester/bin/Debug/CompilerTester.DLL" adapterTypeName="Microsoft.VisualStudio.TestTools.TestTypes.Unit.UnitTestAdapter, Microsoft.VisualStudio.QualityTools.Tips.UnitTest.Adapter, Version=10.0.0.0, Culture=neutral, PublicKeyToken=b03f5f7f11d50a3a" className="CompilerTester.AutomatonTests.AutomatonTester, CompilerTester, Version=1.0.0.0, Culture=neutral, PublicKeyToken=null" name="ParseInvalid_IntegerToken" />
    </UnitTest>
    <UnitTest name="ParseInvalid_BooleanToken" storage="c:\users\wesley\documents\classes\cs480\compilertester\bin\debug\compilertester.dll" id="1a851e37-6f85-b74a-060a-dc83a0845108">
      <Execution id="b1ccc8d0-310e-4cef-8cba-8cc2fc9c0c22" />
      <TestMethod codeBase="C:/Users/Wesley/Documents/classes/cs480/CompilerTester/bin/Debug/CompilerTester.DLL" adapterTypeName="Microsoft.VisualStudio.TestTools.TestTypes.Unit.UnitTestAdapter, Microsoft.VisualStudio.QualityTools.Tips.UnitTest.Adapter, Version=10.0.0.0, Culture=neutral, PublicKeyToken=b03f5f7f11d50a3a" className="CompilerTester.AutomatonTests.AutomatonTester, CompilerTester, Version=1.0.0.0, Culture=neutral, PublicKeyToken=null" name="ParseInvalid_BooleanToken" />
    </UnitTest>
    <UnitTest name="ParseInvalid_IdentifierToken" storage="c:\users\wesley\documents\classes\cs480\compilertester\bin\debug\compilertester.dll" id="505ef0d5-4a90-262f-583a-2231ebffde1a">
      <Execution id="85eae4be-14c9-4430-a073-af71d119d474" />
      <TestMethod codeBase="C:/Users/Wesley/Documents/classes/cs480/CompilerTester/bin/Debug/CompilerTester.DLL" adapterTypeName="Microsoft.VisualStudio.TestTools.TestTypes.Unit.UnitTestAdapter, Microsoft.VisualStudio.QualityTools.Tips.UnitTest.Adapter, Version=10.0.0.0, Culture=neutral, PublicKeyToken=b03f5f7f11d50a3a" className="CompilerTester.AutomatonTests.AutomatonTester, CompilerTester, Version=1.0.0.0, Culture=neutral, PublicKeyToken=null" name="ParseInvalid_IdentifierToken" />
    </UnitTest>
    <UnitTest name="ParseValid_IntegerToken" storage="c:\users\wesley\documents\classes\cs480\compilertester\bin\debug\compilertester.dll" id="cc84c344-9da1-8e87-934f-8110ac4d7fb2">
      <Execution id="c0882188-6255-42d5-a680-816ee1804ddf" />
      <TestMethod codeBase="C:/Users/Wesley/Documents/classes/cs480/CompilerTester/bin/Debug/CompilerTester.DLL" adapterTypeName="Microsoft.VisualStudio.TestTools.TestTypes.Unit.UnitTestAdapter, Microsoft.VisualStudio.QualityTools.Tips.UnitTest.Adapter, Version=10.0.0.0, Culture=neutral, PublicKeyToken=b03f5f7f11d50a3a" className="CompilerTester.AutomatonTests.AutomatonTester, CompilerTester, Version=1.0.0.0, Culture=neutral, PublicKeyToken=null" name="ParseValid_IntegerToken" />
    </UnitTest>
    <UnitTest name="ParseInvalid_KeywordAutomaton" storage="c:\users\wesley\documents\classes\cs480\compilertester\bin\debug\compilertester.dll" id="ce481693-a915-93b0-ad2c-c73a6aded7c8">
      <Execution id="15492f72-1fc5-4388-9d67-3cbe4868e86c" />
      <TestMethod codeBase="C:/Users/Wesley/Documents/classes/cs480/CompilerTester/bin/Debug/CompilerTester.DLL" adapterTypeName="Microsoft.VisualStudio.TestTools.TestTypes.Unit.UnitTestAdapter, Microsoft.VisualStudio.QualityTools.Tips.UnitTest.Adapter, Version=10.0.0.0, Culture=neutral, PublicKeyToken=b03f5f7f11d50a3a" className="CompilerTester.AutomatonTests.AutomatonTester, CompilerTester, Version=1.0.0.0, Culture=neutral, PublicKeyToken=null" name="ParseInvalid_KeywordAutomaton" />
    </UnitTest>
  </TestDefinitions>
  <TestLists>
    <TestList name="Results Not in a List" id="8c84fa94-04c1-424b-9868-57a2d4851a1d" />
    <TestList name="All Loaded Results" id="19431567-8539-422a-85d7-44ee4e166bda" />
  </TestLists>
  <TestEntries>
    <TestEntry testId="1a851e37-6f85-b74a-060a-dc83a0845108" executionId="b1ccc8d0-310e-4cef-8cba-8cc2fc9c0c22" testListId="8c84fa94-04c1-424b-9868-57a2d4851a1d" />
    <TestEntry testId="1d334bdc-306c-094c-b736-a678314af923" executionId="1cb74441-2322-4c17-8d05-0ffa77b8831a" testListId="8c84fa94-04c1-424b-9868-57a2d4851a1d" />
    <TestEntry testId="4f8f5349-2ef8-2d80-69e7-52426e9dabb2" executionId="f2451303-ad11-4a21-abb1-917cffc91d92" testListId="8c84fa94-04c1-424b-9868-57a2d4851a1d" />
    <TestEntry testId="505ef0d5-4a90-262f-583a-2231ebffde1a" executionId="85eae4be-14c9-4430-a073-af71d119d474" testListId="8c84fa94-04c1-424b-9868-57a2d4851a1d" />
    <TestEntry testId="6c7091ba-5f65-8241-42f6-b5633d2a7bce" executionId="186498df-7b35-41ae-bbbe-d81b6f07d358" testListId="8c84fa94-04c1-424b-9868-57a2d4851a1d" />
    <TestEntry testId="a0536bad-ff14-1000-c4b5-c3d69830cdf2" executionId="e1a841fe-e9da-4895-804e-9cf215689544" testListId="8c84fa94-04c1-424b-9868-57a2d4851a1d" />
    <TestEntry testId="a2498060-f04d-39b6-22b1-3ce4df103b6a" executionId="60593dd9-29e9-4c73-a379-3fcc8fda05ce" testListId="8c84fa94-04c1-424b-9868-57a2d4851a1d" />
    <TestEntry testId="abd0cb40-9b35-e5fb-8da0-408c845fbf81" executionId="bf306c5c-2eb3-48f5-98f4-54c21d089fcb" testListId="8c84fa94-04c1-424b-9868-57a2d4851a1d" />
    <TestEntry testId="cc84c344-9da1-8e87-934f-8110ac4d7fb2" executionId="c0882188-6255-42d5-a680-816ee1804ddf" testListId="8c84fa94-04c1-424b-9868-57a2d4851a1d" />
    <TestEntry testId="ce481693-a915-93b0-ad2c-c73a6aded7c8" executionId="15492f72-1fc5-4388-9d67-3cbe4868e86c" testListId="8c84fa94-04c1-424b-9868-57a2d4851a1d" />
    <TestEntry testId="eeab2feb-d40a-4f9f-1f5b-b9d58e9aa806" executionId="ae9ad8e1-c933-48e6-ab45-72325536453b" testListId="8c84fa94-04c1-424b-9868-57a2d4851a1d" />
  </TestEntries>
  <Results>
    <UnitTestResult executionId="b1ccc8d0-310e-4cef-8cba-8cc2fc9c0c22" testId="1a851e37-6f85-b74a-060a-dc83a0845108" testName="ParseInvalid_BooleanToken" computerName="WESLEY-PC" duration="00:00:00.0159284" startTime="2012-02-03T12:22:20.8154059-08:00" endTime="2012-02-03T12:22:21.0524194-08:00" testType="13cdc9d9-ddb5-4fa4-a97d-d965ccfc6d4b" outcome="Passed" testListId="8c84fa94-04c1-424b-9868-57a2d4851a1d" relativeResultsDirectory="b1ccc8d0-310e-4cef-8cba-8cc2fc9c0c22">
    </UnitTestResult>
    <UnitTestResult executionId="1cb74441-2322-4c17-8d05-0ffa77b8831a" testId="1d334bdc-306c-094c-b736-a678314af923" testName="ParseInvalid_operatorAutomaton" computerName="WESLEY-PC" duration="00:00:00.0004645" startTime="2012-02-03T12:22:21.0554196-08:00" endTime="2012-02-03T12:22:21.0624200-08:00" testType="13cdc9d9-ddb5-4fa4-a97d-d965ccfc6d4b" outcome="Passed" testListId="8c84fa94-04c1-424b-9868-57a2d4851a1d" relativeResultsDirectory="1cb74441-2322-4c17-8d05-0ffa77b8831a">
    </UnitTestResult>
    <UnitTestResult executionId="f2451303-ad11-4a21-abb1-917cffc91d92" testId="4f8f5349-2ef8-2d80-69e7-52426e9dabb2" testName="ParseValid_RealAutomaton" computerName="WESLEY-PC" duration="00:00:00.0163569" startTime="2012-02-03T12:22:21.0644201-08:00" endTime="2012-02-03T12:22:21.0854213-08:00" testType="13cdc9d9-ddb5-4fa4-a97d-d965ccfc6d4b" outcome="Failed" testListId="8c84fa94-04c1-424b-9868-57a2d4851a1d" relativeResultsDirectory="f2451303-ad11-4a21-abb1-917cffc91d92">
      <Output>
        <ErrorInfo>
          <Message>Assert.AreEqual failed. Expected:&lt;True&gt;. Actual:&lt;False&gt;. </Message>
          <StackTrace>   at CompilerTester.AutomatonTests.AutomatonTester.ParseValid_RealAutomaton() in C:\Users\Wesley\Documents\classes\cs480\CompilerTester\AutomatonTests\AutomatonTester.cs:line 151
</StackTrace>
        </ErrorInfo>
      </Output>
    </UnitTestResult>
    <UnitTestResult executionId="85eae4be-14c9-4430-a073-af71d119d474" testId="505ef0d5-4a90-262f-583a-2231ebffde1a" testName="ParseInvalid_IdentifierToken" computerName="WESLEY-PC" duration="00:00:00.0005600" startTime="2012-02-03T12:22:21.0884215-08:00" endTime="2012-02-03T12:22:21.0944218-08:00" testType="13cdc9d9-ddb5-4fa4-a97d-d965ccfc6d4b" outcome="Passed" testListId="8c84fa94-04c1-424b-9868-57a2d4851a1d" relativeResultsDirectory="85eae4be-14c9-4430-a073-af71d119d474">
    </UnitTestResult>
    <UnitTestResult executionId="186498df-7b35-41ae-bbbe-d81b6f07d358" testId="6c7091ba-5f65-8241-42f6-b5633d2a7bce" testName="ParseValid_BooleanToken" computerName="WESLEY-PC" duration="00:00:00.0001854" startTime="2012-02-03T12:22:21.0964219-08:00" endTime="2012-02-03T12:22:21.1024223-08:00" testType="13cdc9d9-ddb5-4fa4-a97d-d965ccfc6d4b" outcome="Passed" testListId="8c84fa94-04c1-424b-9868-57a2d4851a1d" relativeResultsDirectory="186498df-7b35-41ae-bbbe-d81b6f07d358">
    </UnitTestResult>
    <UnitTestResult executionId="e1a841fe-e9da-4895-804e-9cf215689544" testId="a0536bad-ff14-1000-c4b5-c3d69830cdf2" testName="ParseValid_IdentifierToken" computerName="WESLEY-PC" duration="00:00:00.0002547" startTime="2012-02-03T12:22:21.1054225-08:00" endTime="2012-02-03T12:22:21.1104227-08:00" testType="13cdc9d9-ddb5-4fa4-a97d-d965ccfc6d4b" outcome="Passed" testListId="8c84fa94-04c1-424b-9868-57a2d4851a1d" relativeResultsDirectory="e1a841fe-e9da-4895-804e-9cf215689544">
    </UnitTestResult>
    <UnitTestResult executionId="60593dd9-29e9-4c73-a379-3fcc8fda05ce" testId="a2498060-f04d-39b6-22b1-3ce4df103b6a" testName="ParseValid_KeywordAutomaton" computerName="WESLEY-PC" duration="00:00:00.0010188" startTime="2012-02-03T12:22:21.1124229-08:00" endTime="2012-02-03T12:22:21.1184232-08:00" testType="13cdc9d9-ddb5-4fa4-a97d-d965ccfc6d4b" outcome="Passed" testListId="8c84fa94-04c1-424b-9868-57a2d4851a1d" relativeResultsDirectory="60593dd9-29e9-4c73-a379-3fcc8fda05ce">
    </UnitTestResult>
    <UnitTestResult executionId="bf306c5c-2eb3-48f5-98f4-54c21d089fcb" testId="abd0cb40-9b35-e5fb-8da0-408c845fbf81" testName="ParseValid_OperatorAutomaton" computerName="WESLEY-PC" duration="00:00:00.0006171" startTime="2012-02-03T12:22:21.1194233-08:00" endTime="2012-02-03T12:22:21.1254236-08:00" testType="13cdc9d9-ddb5-4fa4-a97d-d965ccfc6d4b" outcome="Passed" testListId="8c84fa94-04c1-424b-9868-57a2d4851a1d" relativeResultsDirectory="bf306c5c-2eb3-48f5-98f4-54c21d089fcb">
    </UnitTestResult>
    <UnitTestResult executionId="c0882188-6255-42d5-a680-816ee1804ddf" testId="cc84c344-9da1-8e87-934f-8110ac4d7fb2" testName="ParseValid_IntegerToken" computerName="WESLEY-PC" duration="00:00:00.0004080" startTime="2012-02-03T12:22:21.1274237-08:00" endTime="2012-02-03T12:22:21.1334241-08:00" testType="13cdc9d9-ddb5-4fa4-a97d-d965ccfc6d4b" outcome="Passed" testListId="8c84fa94-04c1-424b-9868-57a2d4851a1d" relativeResultsDirectory="c0882188-6255-42d5-a680-816ee1804ddf">
    </UnitTestResult>
    <UnitTestResult executionId="15492f72-1fc5-4388-9d67-3cbe4868e86c" testId="ce481693-a915-93b0-ad2c-c73a6aded7c8" testName="ParseInvalid_KeywordAutomaton" computerName="WESLEY-PC" duration="00:00:00.0001834" startTime="2012-02-03T12:22:21.1354242-08:00" endTime="2012-02-03T12:22:21.1414245-08:00" testType="13cdc9d9-ddb5-4fa4-a97d-d965ccfc6d4b" outcome="Passed" testListId="8c84fa94-04c1-424b-9868-57a2d4851a1d" relativeResultsDirectory="15492f72-1fc5-4388-9d67-3cbe4868e86c">
    </UnitTestResult>
    <UnitTestResult executionId="ae9ad8e1-c933-48e6-ab45-72325536453b" testId="eeab2feb-d40a-4f9f-1f5b-b9d58e9aa806" testName="ParseInvalid_IntegerToken" computerName="WESLEY-PC" duration="00:00:00.0002020" startTime="2012-02-03T12:22:21.1434246-08:00" endTime="2012-02-03T12:22:21.1484249-08:00" testType="13cdc9d9-ddb5-4fa4-a97d-d965ccfc6d4b" outcome="Passed" testListId="8c84fa94-04c1-424b-9868-57a2d4851a1d" relativeResultsDirectory="ae9ad8e1-c933-48e6-ab45-72325536453b">
    </UnitTestResult>
  </Results>
</TestRun>